[    1123ms] [LOG] ConversationRecorder constructor @ https://www.gstatic.com/_/mss/boq-labs-tailwind/_/js/k=boq-labs-tailwind.LabsTailwindUi.zh_TW.VYbjHGlDfKI.es6.O/ck=boq-labs-tailwind.LabsTailwindUi.V0pVaK2SNEw.L.B1.O/d=1/exm=_b/excm=_b/ed=1/br=1/wt=2/ujg=1/rs=ANnj5bE4Qi7UMPz2CkR58pkgZlwXI7GiSg/ee=Pjplud:PoEs9b;QGR0gd:Mlhmy;ScI3Yc:e7Hzgb;YIZmRd:A1yn5d;cEt90b:ws9Tlc;dowIGb:ebZ3mb/dti=1/m=DR4Ugf:3572
[  270338ms] [WARNING] No ID or name found in config. @ https://www.gstatic.com/_/mss/boq-labs-tailwind/_/js/k=boq-labs-tailwind.LabsTailwindUi.zh_TW.VYbjHGlDfKI.es6.O/d=1/excm=_b/ed=1/dg=0/br=1/wt=2/ujg=1/rs=ANnj5bEd02ZZ2V7CF8wnwiCBjI8l_D7bXg/ee=Pjplud:PoEs9b;QGR0gd:Mlhmy;ScI3Yc:e7Hzgb;YIZmRd:A1yn5d;cEt90b:ws9Tlc;dowIGb:ebZ3mb/dti=1/m=_b:2167
[  273840ms] [WARNING] No ID or name found in config. @ https://www.gstatic.com/_/mss/boq-labs-tailwind/_/js/k=boq-labs-tailwind.LabsTailwindUi.zh_TW.VYbjHGlDfKI.es6.O/d=1/excm=_b/ed=1/dg=0/br=1/wt=2/ujg=1/rs=ANnj5bEd02ZZ2V7CF8wnwiCBjI8l_D7bXg/ee=Pjplud:PoEs9b;QGR0gd:Mlhmy;ScI3Yc:e7Hzgb;YIZmRd:A1yn5d;cEt90b:ws9Tlc;dowIGb:ebZ3mb/dti=1/m=_b:2167
[  286181ms] [WARNING] No ID or name found in config. @ https://www.gstatic.com/_/mss/boq-labs-tailwind/_/js/k=boq-labs-tailwind.LabsTailwindUi.zh_TW.VYbjHGlDfKI.es6.O/d=1/excm=_b/ed=1/dg=0/br=1/wt=2/ujg=1/rs=ANnj5bEd02ZZ2V7CF8wnwiCBjI8l_D7bXg/ee=Pjplud:PoEs9b;QGR0gd:Mlhmy;ScI3Yc:e7Hzgb;YIZmRd:A1yn5d;cEt90b:ws9Tlc;dowIGb:ebZ3mb/dti=1/m=_b:2167
[  295822ms] [WARNING] No ID or name found in config. @ https://www.gstatic.com/_/mss/boq-labs-tailwind/_/js/k=boq-labs-tailwind.LabsTailwindUi.zh_TW.VYbjHGlDfKI.es6.O/d=1/excm=_b/ed=1/dg=0/br=1/wt=2/ujg=1/rs=ANnj5bEd02ZZ2V7CF8wnwiCBjI8l_D7bXg/ee=Pjplud:PoEs9b;QGR0gd:Mlhmy;ScI3Yc:e7Hzgb;YIZmRd:A1yn5d;cEt90b:ws9Tlc;dowIGb:ebZ3mb/dti=1/m=_b:2167
[  305037ms] [WARNING] No ID or name found in config. @ https://www.gstatic.com/_/mss/boq-labs-tailwind/_/js/k=boq-labs-tailwind.LabsTailwindUi.zh_TW.VYbjHGlDfKI.es6.O/d=1/excm=_b/ed=1/dg=0/br=1/wt=2/ujg=1/rs=ANnj5bEd02ZZ2V7CF8wnwiCBjI8l_D7bXg/ee=Pjplud:PoEs9b;QGR0gd:Mlhmy;ScI3Yc:e7Hzgb;YIZmRd:A1yn5d;cEt90b:ws9Tlc;dowIGb:ebZ3mb/dti=1/m=_b:2167
[  795314ms] [WARNING] No ID or name found in config. @ https://www.gstatic.com/_/mss/boq-labs-tailwind/_/js/k=boq-labs-tailwind.LabsTailwindUi.zh_TW.VYbjHGlDfKI.es6.O/d=1/excm=_b/ed=1/dg=0/br=1/wt=2/ujg=1/rs=ANnj5bEd02ZZ2V7CF8wnwiCBjI8l_D7bXg/ee=Pjplud:PoEs9b;QGR0gd:Mlhmy;ScI3Yc:e7Hzgb;YIZmRd:A1yn5d;cEt90b:ws9Tlc;dowIGb:ebZ3mb/dti=1/m=_b:2167
[  799174ms] [WARNING] No ID or name found in config. @ https://www.gstatic.com/_/mss/boq-labs-tailwind/_/js/k=boq-labs-tailwind.LabsTailwindUi.zh_TW.VYbjHGlDfKI.es6.O/d=1/excm=_b/ed=1/dg=0/br=1/wt=2/ujg=1/rs=ANnj5bEd02ZZ2V7CF8wnwiCBjI8l_D7bXg/ee=Pjplud:PoEs9b;QGR0gd:Mlhmy;ScI3Yc:e7Hzgb;YIZmRd:A1yn5d;cEt90b:ws9Tlc;dowIGb:ebZ3mb/dti=1/m=_b:2167
[  985776ms] [WARNING] No ID or name found in config. @ https://www.gstatic.com/_/mss/boq-labs-tailwind/_/js/k=boq-labs-tailwind.LabsTailwindUi.zh_TW.VYbjHGlDfKI.es6.O/d=1/excm=_b/ed=1/dg=0/br=1/wt=2/ujg=1/rs=ANnj5bEd02ZZ2V7CF8wnwiCBjI8l_D7bXg/ee=Pjplud:PoEs9b;QGR0gd:Mlhmy;ScI3Yc:e7Hzgb;YIZmRd:A1yn5d;cEt90b:ws9Tlc;dowIGb:ebZ3mb/dti=1/m=_b:2167
[ 1126768ms] [ERROR] Failed to load resource: net::ERR_QUIC_PROTOCOL_ERROR.QUIC_TOO_MANY_RTOS @ https://signaler-pa.clients6.google.com/punctual/multi-watch/channel?VER=8&gsessionid=sj4rgaWEkVn6a5b70F3mtVPetqRMNwUQATAjrDDBWKI&key=AIzaSyC_pzrI0AjEDXDYcg7kkq3uQEjnXV50pBM&RID=rpc&SID=gAe8sT5qBjqfItdB8i-gaQ&AID=0&CI=0&TYPE=xmlhttp&zx=bxkf1yrv6xqv&t=1:0
[ 1133690ms] [ERROR] Failed to load resource: net::ERR_INTERNET_DISCONNECTED @ https://signaler-pa.clients6.google.com/punctual/multi-watch/channel?VER=8&gsessionid=sj4rgaWEkVn6a5b70F3mtVPetqRMNwUQATAjrDDBWKI&key=AIzaSyC_pzrI0AjEDXDYcg7kkq3uQEjnXV50pBM&RID=rpc&SID=gAe8sT5qBjqfItdB8i-gaQ&AID=6&CI=0&TYPE=xmlhttp&zx=2maz6mz7ctxh&t=2:0
[ 1138309ms] [ERROR] Failed to load resource: net::ERR_INTERNET_DISCONNECTED @ https://accounts.google.com/RotateCookies:0
[ 1140408ms] [ERROR] Failed to load resource: net::ERR_INTERNET_DISCONNECTED @ https://signaler-pa.clients6.google.com/punctual/multi-watch/channel?VER=8&gsessionid=sj4rgaWEkVn6a5b70F3mtVPetqRMNwUQATAjrDDBWKI&key=AIzaSyC_pzrI0AjEDXDYcg7kkq3uQEjnXV50pBM&RID=rpc&SID=gAe8sT5qBjqfItdB8i-gaQ&AID=6&CI=0&TYPE=xmlhttp&zx=5ubsi1q946mb&t=3:0
[ 1168590ms] [ERROR] Failed to load resource: net::ERR_INTERNET_DISCONNECTED @ https://signaler-pa.clients6.google.com/punctual/multi-watch/channel?VER=8&gsessionid=sj4rgaWEkVn6a5b70F3mtVPetqRMNwUQATAjrDDBWKI&key=AIzaSyC_pzrI0AjEDXDYcg7kkq3uQEjnXV50pBM&RID=rpc&SID=gAe8sT5qBjqfItdB8i-gaQ&AID=6&CI=0&TYPE=xmlhttp&zx=b4sih3o96r7t&t=4:0
[ 1168592ms] [ERROR] Failed to load resource: net::ERR_INTERNET_DISCONNECTED @ https://www.google.com/images/cleardot.gif?zx=w6us84wbvcxe:0
[ 1168593ms] [ERROR] Failed to load resource: net::ERR_INTERNET_DISCONNECTED @ https://signaler-pa.clients6.google.com/punctual/v1/chooseServer?key=AIzaSyC_pzrI0AjEDXDYcg7kkq3uQEjnXV50pBM:0
[ 1169045ms] [ERROR] Failed to load resource: net::ERR_INTERNET_DISCONNECTED @ https://signaler-pa.clients6.google.com/punctual/v1/chooseServer?key=AIzaSyC_pzrI0AjEDXDYcg7kkq3uQEjnXV50pBM:0
[ 1170026ms] [ERROR] Failed to load resource: net::ERR_INTERNET_DISCONNECTED @ https://signaler-pa.clients6.google.com/punctual/v1/chooseServer?key=AIzaSyC_pzrI0AjEDXDYcg7kkq3uQEjnXV50pBM:0
[ 1171821ms] [ERROR] Failed to load resource: net::ERR_INTERNET_DISCONNECTED @ https://signaler-pa.clients6.google.com/punctual/v1/chooseServer?key=AIzaSyC_pzrI0AjEDXDYcg7kkq3uQEjnXV50pBM:0
[ 1175775ms] [ERROR] Failed to load resource: net::ERR_INTERNET_DISCONNECTED @ https://signaler-pa.clients6.google.com/punctual/v1/chooseServer?key=AIzaSyC_pzrI0AjEDXDYcg7kkq3uQEjnXV50pBM:0
[ 1183373ms] [ERROR] Failed to load resource: net::ERR_INTERNET_DISCONNECTED @ https://signaler-pa.clients6.google.com/punctual/v1/chooseServer?key=AIzaSyC_pzrI0AjEDXDYcg7kkq3uQEjnXV50pBM:0
[ 1199366ms] [ERROR] Failed to load resource: net::ERR_INTERNET_DISCONNECTED @ https://signaler-pa.clients6.google.com/punctual/v1/chooseServer?key=AIzaSyC_pzrI0AjEDXDYcg7kkq3uQEjnXV50pBM:0
[ 1228598ms] [ERROR] Failed to load resource: net::ERR_INTERNET_DISCONNECTED @ https://signaler-pa.clients6.google.com/punctual/v1/chooseServer?key=AIzaSyC_pzrI0AjEDXDYcg7kkq3uQEjnXV50pBM:0
[ 1285242ms] [ERROR] Failed to load resource: net::ERR_INTERNET_DISCONNECTED @ https://signaler-pa.clients6.google.com/punctual/v1/chooseServer?key=AIzaSyC_pzrI0AjEDXDYcg7kkq3uQEjnXV50pBM:0
[ 1398080ms] [ERROR] Failed to load resource: net::ERR_INTERNET_DISCONNECTED @ https://signaler-pa.clients6.google.com/punctual/v1/chooseServer?key=AIzaSyC_pzrI0AjEDXDYcg7kkq3uQEjnXV50pBM:0
[ 5568517ms] [ERROR] Failed to load resource: net::ERR_QUIC_PROTOCOL_ERROR.QUIC_TOO_MANY_RTOS @ https://signaler-pa.clients6.google.com/punctual/multi-watch/channel?VER=8&gsessionid=rgMSM7dFlQ7e_wY-t0amyRh5ofvE1UlKMQsBrnDMWKM&key=AIzaSyC_pzrI0AjEDXDYcg7kkq3uQEjnXV50pBM&RID=rpc&SID=Vb1nEE1zwJ8EzJR27hdcsA&AID=32&CI=0&TYPE=xmlhttp&zx=rnh0bcqta27p&t=1:0
[ 5568522ms] [ERROR] Failed to load resource: net::ERR_INTERNET_DISCONNECTED @ https://signaler-pa.clients6.google.com/punctual/multi-watch/channel?VER=8&gsessionid=rgMSM7dFlQ7e_wY-t0amyRh5ofvE1UlKMQsBrnDMWKM&key=AIzaSyC_pzrI0AjEDXDYcg7kkq3uQEjnXV50pBM&RID=rpc&SID=Vb1nEE1zwJ8EzJR27hdcsA&AID=34&CI=0&TYPE=xmlhttp&zx=e62lmjyoz2wh&t=2:0
[ 5579748ms] [ERROR] Failed to load resource: net::ERR_INTERNET_DISCONNECTED @ https://signaler-pa.clients6.google.com/punctual/multi-watch/channel?VER=8&gsessionid=rgMSM7dFlQ7e_wY-t0amyRh5ofvE1UlKMQsBrnDMWKM&key=AIzaSyC_pzrI0AjEDXDYcg7kkq3uQEjnXV50pBM&RID=rpc&SID=Vb1nEE1zwJ8EzJR27hdcsA&AID=34&CI=0&TYPE=xmlhttp&zx=nafypg3powf&t=3:0
[ 5592137ms] [ERROR] Failed to load resource: net::ERR_INTERNET_DISCONNECTED @ https://signaler-pa.clients6.google.com/punctual/multi-watch/channel?VER=8&gsessionid=rgMSM7dFlQ7e_wY-t0amyRh5ofvE1UlKMQsBrnDMWKM&key=AIzaSyC_pzrI0AjEDXDYcg7kkq3uQEjnXV50pBM&RID=rpc&SID=Vb1nEE1zwJ8EzJR27hdcsA&AID=34&CI=0&TYPE=xmlhttp&zx=vjrqrhsdyen8&t=4:0
[ 5592140ms] [ERROR] Failed to load resource: net::ERR_INTERNET_DISCONNECTED @ https://www.google.com/images/cleardot.gif?zx=nyyfmtoownc6:0
[ 5592141ms] [ERROR] Failed to load resource: net::ERR_INTERNET_DISCONNECTED @ https://signaler-pa.clients6.google.com/punctual/v1/chooseServer?key=AIzaSyC_pzrI0AjEDXDYcg7kkq3uQEjnXV50pBM:0
[ 5592611ms] [ERROR] Failed to load resource: net::ERR_INTERNET_DISCONNECTED @ https://signaler-pa.clients6.google.com/punctual/v1/chooseServer?key=AIzaSyC_pzrI0AjEDXDYcg7kkq3uQEjnXV50pBM:0
[ 5593606ms] [ERROR] Failed to load resource: net::ERR_INTERNET_DISCONNECTED @ https://signaler-pa.clients6.google.com/punctual/v1/chooseServer?key=AIzaSyC_pzrI0AjEDXDYcg7kkq3uQEjnXV50pBM:0
[ 5595502ms] [ERROR] Failed to load resource: net::ERR_INTERNET_DISCONNECTED @ https://signaler-pa.clients6.google.com/punctual/v1/chooseServer?key=AIzaSyC_pzrI0AjEDXDYcg7kkq3uQEjnXV50pBM:0
[ 5599139ms] [ERROR] Failed to load resource: net::ERR_INTERNET_DISCONNECTED @ https://signaler-pa.clients6.google.com/punctual/v1/chooseServer?key=AIzaSyC_pzrI0AjEDXDYcg7kkq3uQEjnXV50pBM:0
[ 5606045ms] [ERROR] Failed to load resource: net::ERR_INTERNET_DISCONNECTED @ https://signaler-pa.clients6.google.com/punctual/v1/chooseServer?key=AIzaSyC_pzrI0AjEDXDYcg7kkq3uQEjnXV50pBM:0
[ 5621121ms] [ERROR] Failed to load resource: net::ERR_INTERNET_DISCONNECTED @ https://signaler-pa.clients6.google.com/punctual/v1/chooseServer?key=AIzaSyC_pzrI0AjEDXDYcg7kkq3uQEjnXV50pBM:0
[ 5648887ms] [ERROR] Failed to load resource: net::ERR_INTERNET_DISCONNECTED @ https://signaler-pa.clients6.google.com/punctual/v1/chooseServer?key=AIzaSyC_pzrI0AjEDXDYcg7kkq3uQEjnXV50pBM:0
[ 5711487ms] [ERROR] Failed to load resource: net::ERR_INTERNET_DISCONNECTED @ https://signaler-pa.clients6.google.com/punctual/v1/chooseServer?key=AIzaSyC_pzrI0AjEDXDYcg7kkq3uQEjnXV50pBM:0
[ 5818689ms] [ERROR] Failed to load resource: net::ERR_INTERNET_DISCONNECTED @ https://signaler-pa.clients6.google.com/punctual/v1/chooseServer?key=AIzaSyC_pzrI0AjEDXDYcg7kkq3uQEjnXV50pBM:0
[ 5944076ms] [ERROR] Failed to load resource: net::ERR_INTERNET_DISCONNECTED @ https://accounts.google.com/RotateCookies:0
[ 6073325ms] [ERROR] Failed to load resource: net::ERR_INTERNET_DISCONNECTED @ https://signaler-pa.clients6.google.com/punctual/v1/chooseServer?key=AIzaSyC_pzrI0AjEDXDYcg7kkq3uQEjnXV50pBM:0
[ 6508416ms] [ERROR] Failed to load resource: net::ERR_INTERNET_DISCONNECTED @ https://signaler-pa.clients6.google.com/punctual/v1/chooseServer?key=AIzaSyC_pzrI0AjEDXDYcg7kkq3uQEjnXV50pBM:0
[ 6514868ms] [ERROR] Failed to load resource: net::ERR_INTERNET_DISCONNECTED @ https://play.google.com/log?format=json&hasfast=true&authuser=0:0
[ 6514971ms] [ERROR] Failed to load resource: net::ERR_INTERNET_DISCONNECTED @ https://play.google.com/log?format=json&hasfast=true&authuser=0:0
[ 6515304ms] [ERROR] Failed to load resource: net::ERR_INTERNET_DISCONNECTED @ https://play.google.com/log?format=json&hasfast=true&authuser=0:0
[ 6515396ms] [ERROR] Failed to load resource: net::ERR_INTERNET_DISCONNECTED @ https://play.google.com/log?format=json&hasfast=true&authuser=0:0
[ 6515478ms] [ERROR] Failed to load resource: net::ERR_INTERNET_DISCONNECTED @ https://play.google.com/log?format=json&hasfast=true&authuser=0:0
[ 6518342ms] [ERROR] Failed to load resource: net::ERR_INTERNET_DISCONNECTED @ https://play.google.com/log?format=json&hasfast=true&authuser=0:0
[ 6518425ms] [ERROR] Failed to load resource: net::ERR_INTERNET_DISCONNECTED @ https://play.google.com/log?format=json&hasfast=true&authuser=0:0
[ 6520233ms] [ERROR] Failed to load resource: net::ERR_INTERNET_DISCONNECTED @ https://play.google.com/log?format=json&hasfast=true&authuser=0:0
[ 6520317ms] [ERROR] Failed to load resource: net::ERR_INTERNET_DISCONNECTED @ https://play.google.com/log?format=json&hasfast=true&authuser=0:0
[ 6533404ms] [ERROR] Failed to load resource: net::ERR_INTERNET_DISCONNECTED @ https://play.google.com/log?format=json&hasfast=true&authuser=0:0
[ 6533939ms] [ERROR] Failed to load resource: net::ERR_INTERNET_DISCONNECTED @ https://play.google.com/log?format=json&hasfast=true&authuser=0:0
[ 6534027ms] [ERROR] Failed to load resource: net::ERR_INTERNET_DISCONNECTED @ https://play.google.com/log?format=json&hasfast=true&authuser=0:0
[ 6534538ms] [ERROR] Failed to load resource: net::ERR_INTERNET_DISCONNECTED @ https://play.google.com/log?format=json&hasfast=true&authuser=0:0
[ 6534619ms] [ERROR] Failed to load resource: net::ERR_INTERNET_DISCONNECTED @ https://play.google.com/log?format=json&hasfast=true&authuser=0:0
[ 6540793ms] [ERROR] Failed to load resource: net::ERR_INTERNET_DISCONNECTED @ https://play.google.com/log?format=json&hasfast=true&authuser=0:0
[ 6540876ms] [ERROR] Failed to load resource: net::ERR_INTERNET_DISCONNECTED @ https://play.google.com/log?format=json&hasfast=true&authuser=0:0
[ 6542659ms] [ERROR] Failed to load resource: net::ERR_INTERNET_DISCONNECTED @ https://play.google.com/log?format=json&hasfast=true&authuser=0:0
[ 6542712ms] [ERROR] Failed to load resource: net::ERR_INTERNET_DISCONNECTED @ https://play.google.com/log?format=json&hasfast=true&authuser=0:0
[ 6542793ms] [ERROR] Failed to load resource: net::ERR_INTERNET_DISCONNECTED @ https://play.google.com/log?format=json&hasfast=true&authuser=0:0
[ 6542883ms] [ERROR] Failed to load resource: net::ERR_INTERNET_DISCONNECTED @ https://play.google.com/log?format=json&hasfast=true&authuser=0:0
[ 6543168ms] [ERROR] Failed to load resource: net::ERR_INTERNET_DISCONNECTED @ https://play.google.com/log?format=json&hasfast=true&authuser=0:0
[ 6543257ms] [ERROR] Failed to load resource: net::ERR_INTERNET_DISCONNECTED @ https://play.google.com/log?format=json&hasfast=true&authuser=0:0
[ 6550548ms] [ERROR] Failed to load resource: net::ERR_INTERNET_DISCONNECTED @ https://notebooklm.google.com/_/LabsTailwindUi/data/batchexecute?rpcids=hizoJc&source-path=%2Fnotebook%2F658ece9b-d6dd-47bc-ba4a-18133410f174&bl=boq_labs-tailwind-frontend_20260528.15_p0&f.sid=2311999150026767367&hl=zh-TW&_reqid=4438124&rt=c:0
[ 6550558ms] [ERROR] Failed to load resource: net::ERR_INTERNET_DISCONNECTED @ https://notebooklm.google.com/_/LabsTailwindUi/data/batchexecute?rpcids=tr032e&source-path=%2Fnotebook%2F658ece9b-d6dd-47bc-ba4a-18133410f174&bl=boq_labs-tailwind-frontend_20260528.15_p0&f.sid=2311999150026767367&hl=zh-TW&_reqid=4538124&rt=c:0
[ 6550590ms] [ERROR] Failed to load resource: net::ERR_INTERNET_DISCONNECTED @ https://notebooklm.google.com/_/LabsTailwindUi/jserror?script=https%3A%2F%2Fnotebooklm.google.com%2Fnotebook%2F658ece9b-d6dd-47bc-ba4a-18133410f174&error=Error%20code%20%3D%207%2C%20Path%20%3D%20%2F_%2FLabsTailwindUi%2Fdata%2Fbatchexecute%2C%20Message%20%3D%20There%20was%20an%20error%20during%20the%20transport%20or%20processing%20of%20this%20request.%2C%20HTTP%20status%20%3D%200%2C%20Unknown%20HTTP%20error%20in%20underlying%20XHR&line=Not%20available:0
[ 6550590ms] [ERROR] Failed to load resource: net::ERR_INTERNET_DISCONNECTED @ https://notebooklm.google.com/_/LabsTailwindUi/jserror?script=https%3A%2F%2Fnotebooklm.google.com%2Fnotebook%2F658ece9b-d6dd-47bc-ba4a-18133410f174&error=Error%20code%20%3D%207%2C%20Path%20%3D%20%2F_%2FLabsTailwindUi%2Fdata%2Fbatchexecute%2C%20Message%20%3D%20There%20was%20an%20error%20during%20the%20transport%20or%20processing%20of%20this%20request.%2C%20HTTP%20status%20%3D%200%2C%20Unknown%20HTTP%20error%20in%20underlying%20XHR&line=Not%20available:0
[ 6561586ms] [ERROR] Failed to load resource: net::ERR_INTERNET_DISCONNECTED @ https://lh3.googleusercontent.com/notebooklm/AKXwDQFVwykmHWha0X-3R_BeELnPUP9QMy5OG4rgba8NG8C2WwTtnfM72w2e6pgM8zjkkZ4_Bfr4kosZkwP4gW_X1g87LEt3viySWHVB_ObKLElo2ivWHTCFtg00aRCaGZ07EJ6lLCYurA=w839-h1187-v0?authuser=0:0
[ 6564880ms] [ERROR] Failed to load resource: net::ERR_INTERNET_DISCONNECTED @ https://play.google.com/log?format=json&hasfast=true&authuser=0:0
[ 6572320ms] [ERROR] Failed to load resource: net::ERR_INTERNET_DISCONNECTED @ https://play.google.com/log?format=json&hasfast=true&authuser=0:0
[ 6573270ms] [ERROR] Failed to load resource: net::ERR_INTERNET_DISCONNECTED @ https://play.google.com/log?format=json&hasfast=true&authuser=0:0
[ 6577621ms] [ERROR] Failed to load resource: net::ERR_INTERNET_DISCONNECTED @ https://play.google.com/log?format=json&hasfast=true&authuser=0:0
[ 6577704ms] [ERROR] Failed to load resource: net::ERR_INTERNET_DISCONNECTED @ https://play.google.com/log?format=json&hasfast=true&authuser=0:0
[ 6577945ms] [ERROR] Failed to load resource: net::ERR_INTERNET_DISCONNECTED @ https://play.google.com/log?format=json&hasfast=true&authuser=0:0
[ 6578031ms] [ERROR] Failed to load resource: net::ERR_INTERNET_DISCONNECTED @ https://play.google.com/log?format=json&hasfast=true&authuser=0:0
[ 6578610ms] [ERROR] Failed to load resource: net::ERR_INTERNET_DISCONNECTED @ https://play.google.com/log?format=json&hasfast=true&authuser=0:0
[ 6578692ms] [ERROR] Failed to load resource: net::ERR_INTERNET_DISCONNECTED @ https://play.google.com/log?format=json&hasfast=true&authuser=0:0
[ 6585451ms] [ERROR] Failed to load resource: net::ERR_INTERNET_DISCONNECTED @ https://play.google.com/log?format=json&hasfast=true&authuser=0:0
[ 6585534ms] [ERROR] Failed to load resource: net::ERR_INTERNET_DISCONNECTED @ https://play.google.com/log?format=json&hasfast=true&authuser=0:0
[ 6587154ms] [ERROR] Failed to load resource: net::ERR_INTERNET_DISCONNECTED @ https://notebooklm.google.com/_/static/gifs/light_mode/report_hover_2x.gif:0
[ 6587301ms] [ERROR] Failed to load resource: net::ERR_INTERNET_DISCONNECTED @ https://notebooklm.google.com/_/static/gifs/light_mode/slides_hover_2x.gif:0
[ 6587521ms] [ERROR] Failed to load resource: net::ERR_INTERNET_DISCONNECTED @ https://notebooklm.google.com/_/static/gifs/light_mode/ao_hover_2x.gif:0
[ 6589763ms] [ERROR] Failed to load resource: net::ERR_INTERNET_DISCONNECTED @ https://play.google.com/log?format=json&hasfast=true&authuser=0:0
[ 6589846ms] [ERROR] Failed to load resource: net::ERR_INTERNET_DISCONNECTED @ https://play.google.com/log?format=json&hasfast=true&authuser=0:0
[ 6590029ms] [ERROR] Failed to load resource: net::ERR_INTERNET_DISCONNECTED @ https://play.google.com/log?format=json&hasfast=true&authuser=0:0
[ 6590109ms] [ERROR] Failed to load resource: net::ERR_INTERNET_DISCONNECTED @ https://play.google.com/log?format=json&hasfast=true&authuser=0:0
[ 6590200ms] [ERROR] Failed to load resource: net::ERR_INTERNET_DISCONNECTED @ https://play.google.com/log?format=json&hasfast=true&authuser=0:0
[ 6590324ms] [ERROR] Failed to load resource: net::ERR_INTERNET_DISCONNECTED @ https://play.google.com/log?format=json&hasfast=true&authuser=0:0
[ 6590436ms] [ERROR] Failed to load resource: net::ERR_INTERNET_DISCONNECTED @ https://play.google.com/log?format=json&hasfast=true&authuser=0:0
[ 6590518ms] [ERROR] Failed to load resource: net::ERR_INTERNET_DISCONNECTED @ https://play.google.com/log?format=json&hasfast=true&authuser=0:0
[ 6590678ms] [ERROR] Failed to load resource: net::ERR_INTERNET_DISCONNECTED @ https://play.google.com/log?format=json&hasfast=true&authuser=0:0
[ 6590762ms] [ERROR] Failed to load resource: net::ERR_INTERNET_DISCONNECTED @ https://play.google.com/log?format=json&hasfast=true&authuser=0:0
[ 6590895ms] [ERROR] Failed to load resource: net::ERR_INTERNET_DISCONNECTED @ https://play.google.com/log?format=json&hasfast=true&authuser=0:0
[ 6590978ms] [ERROR] Failed to load resource: net::ERR_INTERNET_DISCONNECTED @ https://play.google.com/log?format=json&hasfast=true&authuser=0:0
[ 6591144ms] [ERROR] Failed to load resource: net::ERR_INTERNET_DISCONNECTED @ https://play.google.com/log?format=json&hasfast=true&authuser=0:0
[ 6591227ms] [ERROR] Failed to load resource: net::ERR_INTERNET_DISCONNECTED @ https://play.google.com/log?format=json&hasfast=true&authuser=0:0
[ 6591443ms] [ERROR] Failed to load resource: net::ERR_INTERNET_DISCONNECTED @ https://play.google.com/log?format=json&hasfast=true&authuser=0:0
[ 6591526ms] [ERROR] Failed to load resource: net::ERR_INTERNET_DISCONNECTED @ https://play.google.com/log?format=json&hasfast=true&authuser=0:0
[ 6591652ms] [ERROR] Failed to load resource: net::ERR_INTERNET_DISCONNECTED @ https://play.google.com/log?format=json&hasfast=true&authuser=0:0
[ 6591735ms] [ERROR] Failed to load resource: net::ERR_INTERNET_DISCONNECTED @ https://play.google.com/log?format=json&hasfast=true&authuser=0:0
[ 6591825ms] [ERROR] Failed to load resource: net::ERR_INTERNET_DISCONNECTED @ https://play.google.com/log?format=json&hasfast=true&authuser=0:0
[ 6600962ms] [ERROR] Failed to load resource: net::ERR_INTERNET_DISCONNECTED @ https://play.google.com/log?format=json&hasfast=true&authuser=0:0
[ 6601492ms] [ERROR] Failed to load resource: net::ERR_INTERNET_DISCONNECTED @ https://play.google.com/log?format=json&hasfast=true&authuser=0:0
[ 6614761ms] [ERROR] Failed to load resource: net::ERR_INTERNET_DISCONNECTED @ https://play.google.com/log?format=json&hasfast=true&authuser=0:0
[ 6614852ms] [ERROR] Failed to load resource: net::ERR_INTERNET_DISCONNECTED @ https://play.google.com/log?format=json&hasfast=true&authuser=0:0
[ 6616537ms] [ERROR] Failed to load resource: net::ERR_INTERNET_DISCONNECTED @ https://play.google.com/log?format=json&hasfast=true&authuser=0:0
[ 6616627ms] [ERROR] Failed to load resource: net::ERR_INTERNET_DISCONNECTED @ https://play.google.com/log?format=json&hasfast=true&authuser=0:0
[ 6616711ms] [ERROR] Failed to load resource: net::ERR_INTERNET_DISCONNECTED @ https://play.google.com/log?format=json&hasfast=true&authuser=0:0
[ 6617148ms] [ERROR] Failed to load resource: net::ERR_INTERNET_DISCONNECTED @ https://play.google.com/log?format=json&hasfast=true&authuser=0:0
[ 6617232ms] [ERROR] Failed to load resource: net::ERR_INTERNET_DISCONNECTED @ https://play.google.com/log?format=json&hasfast=true&authuser=0:0
[ 6624290ms] [ERROR] Failed to load resource: net::ERR_INTERNET_DISCONNECTED @ https://play.google.com/log?format=json&hasfast=true&authuser=0:0
[ 6624372ms] [ERROR] Failed to load resource: net::ERR_INTERNET_DISCONNECTED @ https://play.google.com/log?format=json&hasfast=true&authuser=0:0
[ 6625484ms] [ERROR] Failed to load resource: net::ERR_INTERNET_DISCONNECTED @ https://play.google.com/log?format=json&hasfast=true&authuser=0:0
[ 6625567ms] [ERROR] Failed to load resource: net::ERR_INTERNET_DISCONNECTED @ https://play.google.com/log?format=json&hasfast=true&authuser=0:0
[ 6655593ms] [ERROR] Failed to load resource: net::ERR_INTERNET_DISCONNECTED @ https://play.google.com/log?format=json&hasfast=true&authuser=0:0
[ 6690609ms] [ERROR] Failed to load resource: net::ERR_INTERNET_DISCONNECTED @ https://play.google.com/log?format=json&hasfast=true&authuser=0:0
[ 6691818ms] [ERROR] Failed to load resource: net::ERR_INTERNET_DISCONNECTED @ https://play.google.com/log?format=json&hasfast=true&authuser=0:0
[ 6691901ms] [ERROR] Failed to load resource: net::ERR_INTERNET_DISCONNECTED @ https://play.google.com/log?format=json&hasfast=true&authuser=0:0
[ 6721917ms] [ERROR] Failed to load resource: net::ERR_INTERNET_DISCONNECTED @ https://play.google.com/log?format=json&hasfast=true&authuser=0:0
[ 6773209ms] [ERROR] Failed to load resource: net::ERR_INTERNET_DISCONNECTED @ https://play.google.com/log?format=json&hasfast=true&authuser=0:0
